Running: E:\Xilinx_ISE\ISE\14.7\ISE_DS\ISE\bin\nt64\unwrapped\fuse.exe -intstyle ise -incremental -lib unisims_ver -lib unimacro_ver -lib xilinxcorelib_ver -lib secureip -o C:/Users/DELL/Desktop/2018_topic1_student/2018_topic1_student/sim_mips_isim_beh.exe -prj C:/Users/DELL/Desktop/2018_topic1_student/2018_topic1_student/sim_mips_beh.prj work.sim_mips work.glbl 
ISim P.20131013 (signature 0x7708f090)
Number of CPUs detected in this system: 8
Turning on mult-threading, number of parallel sub-compilation jobs: 16 
Determining compilation order of HDL files
Analyzing Verilog file "C:/Users/DELL/Desktop/2018_topic1_student/2018_topic1_student/regfile.v" into library work
Analyzing Verilog file "C:/Users/DELL/Desktop/2018_topic1_student/2018_topic1_student/alu.v" into library work
Analyzing Verilog file "C:/Users/DELL/Desktop/2018_topic1_student/2018_topic1_student/datapath.v" into library work
Analyzing Verilog file "C:/Users/DELL/Desktop/2018_topic1_student/2018_topic1_student/controller.v" into library work
Analyzing Verilog file "C:/Users/DELL/Desktop/2018_topic1_student/2018_topic1_student/mips_core.v" into library work
Analyzing Verilog file "C:/Users/DELL/Desktop/2018_topic1_student/2018_topic1_student/inst_rom.v" into library work
Analyzing Verilog file "C:/Users/DELL/Desktop/2018_topic1_student/2018_topic1_student/data_ram.v" into library work
Analyzing Verilog file "C:/Users/DELL/Desktop/2018_topic1_student/2018_topic1_student/mips.v" into library work
Analyzing Verilog file "C:/Users/DELL/Desktop/2018_topic1_student/2018_topic1_student/sim_mips.v" into library work
Analyzing Verilog file "E:/Xilinx_ISE/ISE/14.7/ISE_DS/ISE//verilog/src/glbl.v" into library work
Starting static elaboration
Completed static elaboration
Compiling module controller
Compiling module regfile
Compiling module alu
Compiling module datapath
Compiling module mips_core
Compiling module inst_rom
Compiling module data_ram
Compiling module mips
Compiling module sim_mips
Compiling module glbl
Time Resolution for simulation is 1ps.
Compiled 10 Verilog Units
Built simulation executable C:/Users/DELL/Desktop/2018_topic1_student/2018_topic1_student/sim_mips_isim_beh.exe
Fuse Memory Usage: 28788 KB
Fuse CPU Usage: 608 ms
